[0.029s] Invoking command in '/home/aravind/dev/paramTrack/build/cpp_parameter_event_handler': CMAKE_PREFIX_PATH=${CMAKE_PREFIX_PATH}:/opt/ros/galactic CONDA_PROMPT_MODIFIER=(base) /usr/bin/cmake --build /home/aravind/dev/paramTrack/build/cpp_parameter_event_handler -- -j12 -l12
[0.127s] [35m[1mScanning dependencies of target parameter_event_handler[0m
[0.175s] [ 50%] [32mBuilding CXX object CMakeFiles/parameter_event_handler.dir/src/parameter_event_handler.cpp.o[0m
[9.544s] [100%] [32m[1mLinking CXX executable parameter_event_handler[0m
[9.889s] [100%] Built target parameter_event_handler
[9.907s] Invoked command in '/home/aravind/dev/paramTrack/build/cpp_parameter_event_handler' returned '0': CMAKE_PREFIX_PATH=${CMAKE_PREFIX_PATH}:/opt/ros/galactic CONDA_PROMPT_MODIFIER=(base) /usr/bin/cmake --build /home/aravind/dev/paramTrack/build/cpp_parameter_event_handler -- -j12 -l12
[9.961s] Invoking command in '/home/aravind/dev/paramTrack/build/cpp_parameter_event_handler': CMAKE_PREFIX_PATH=${CMAKE_PREFIX_PATH}:/opt/ros/galactic CONDA_PROMPT_MODIFIER=(base) /usr/bin/cmake --install /home/aravind/dev/paramTrack/build/cpp_parameter_event_handler
[9.974s] -- Install configuration: ""
[9.974s] -- Installing: /home/aravind/dev/paramTrack/install/cpp_parameter_event_handler/lib/cpp_parameter_event_handler/parameter_event_handler
[9.979s] -- Set runtime path of "/home/aravind/dev/paramTrack/install/cpp_parameter_event_handler/lib/cpp_parameter_event_handler/parameter_event_handler" to ""
[9.979s] -- Up-to-date: /home/aravind/dev/paramTrack/install/cpp_parameter_event_handler/share/ament_index/resource_index/package_run_dependencies/cpp_parameter_event_handler
[9.979s] -- Up-to-date: /home/aravind/dev/paramTrack/install/cpp_parameter_event_handler/share/ament_index/resource_index/parent_prefix_path/cpp_parameter_event_handler
[9.979s] -- Up-to-date: /home/aravind/dev/paramTrack/install/cpp_parameter_event_handler/share/cpp_parameter_event_handler/environment/ament_prefix_path.sh
[9.979s] -- Up-to-date: /home/aravind/dev/paramTrack/install/cpp_parameter_event_handler/share/cpp_parameter_event_handler/environment/ament_prefix_path.dsv
[9.979s] -- Up-to-date: /home/aravind/dev/paramTrack/install/cpp_parameter_event_handler/share/cpp_parameter_event_handler/environment/path.sh
[9.979s] -- Up-to-date: /home/aravind/dev/paramTrack/install/cpp_parameter_event_handler/share/cpp_parameter_event_handler/environment/path.dsv
[9.980s] -- Up-to-date: /home/aravind/dev/paramTrack/install/cpp_parameter_event_handler/share/cpp_parameter_event_handler/local_setup.bash
[9.980s] -- Up-to-date: /home/aravind/dev/paramTrack/install/cpp_parameter_event_handler/share/cpp_parameter_event_handler/local_setup.sh
[9.980s] -- Up-to-date: /home/aravind/dev/paramTrack/install/cpp_parameter_event_handler/share/cpp_parameter_event_handler/local_setup.zsh
[9.981s] -- Up-to-date: /home/aravind/dev/paramTrack/install/cpp_parameter_event_handler/share/cpp_parameter_event_handler/local_setup.dsv
[9.981s] -- Installing: /home/aravind/dev/paramTrack/install/cpp_parameter_event_handler/share/cpp_parameter_event_handler/package.dsv
[9.982s] -- Up-to-date: /home/aravind/dev/paramTrack/install/cpp_parameter_event_handler/share/ament_index/resource_index/packages/cpp_parameter_event_handler
[9.982s] -- Up-to-date: /home/aravind/dev/paramTrack/install/cpp_parameter_event_handler/share/cpp_parameter_event_handler/cmake/cpp_parameter_event_handlerConfig.cmake
[9.983s] -- Up-to-date: /home/aravind/dev/paramTrack/install/cpp_parameter_event_handler/share/cpp_parameter_event_handler/cmake/cpp_parameter_event_handlerConfig-version.cmake
[9.983s] -- Up-to-date: /home/aravind/dev/paramTrack/install/cpp_parameter_event_handler/share/cpp_parameter_event_handler/package.xml
[9.983s] Invoked command in '/home/aravind/dev/paramTrack/build/cpp_parameter_event_handler' returned '0': CMAKE_PREFIX_PATH=${CMAKE_PREFIX_PATH}:/opt/ros/galactic CONDA_PROMPT_MODIFIER=(base) /usr/bin/cmake --install /home/aravind/dev/paramTrack/build/cpp_parameter_event_handler
