[0.052s] Invoking command in '/home/aravind/dev/paramTrack/build/cpp_parameter_event_handler': CMAKE_PREFIX_PATH=${CMAKE_PREFIX_PATH}:/opt/ros/galactic CONDA_PROMPT_MODIFIER=(base) /usr/bin/cmake --build /home/aravind/dev/paramTrack/build/cpp_parameter_event_handler -- -j12 -l12
[0.161s] [100%] Built target parameter_event_handler
[0.183s] Invoked command in '/home/aravind/dev/paramTrack/build/cpp_parameter_event_handler' returned '0': CMAKE_PREFIX_PATH=${CMAKE_PREFIX_PATH}:/opt/ros/galactic CONDA_PROMPT_MODIFIER=(base) /usr/bin/cmake --build /home/aravind/dev/paramTrack/build/cpp_parameter_event_handler -- -j12 -l12
[0.256s] Invoking command in '/home/aravind/dev/paramTrack/build/cpp_parameter_event_handler': CMAKE_PREFIX_PATH=${CMAKE_PREFIX_PATH}:/opt/ros/galactic CONDA_PROMPT_MODIFIER=(base) /usr/bin/cmake --install /home/aravind/dev/paramTrack/build/cpp_parameter_event_handler
[0.272s] -- Install configuration: ""
[0.272s] -- Up-to-date: /home/aravind/dev/paramTrack/install/cpp_parameter_event_handler/lib/cpp_parameter_event_handler/parameter_event_handler
[0.273s] -- Up-to-date: /home/aravind/dev/paramTrack/install/cpp_parameter_event_handler/share/ament_index/resource_index/package_run_dependencies/cpp_parameter_event_handler
[0.273s] -- Up-to-date: /home/aravind/dev/paramTrack/install/cpp_parameter_event_handler/share/ament_index/resource_index/parent_prefix_path/cpp_parameter_event_handler
[0.273s] -- Up-to-date: /home/aravind/dev/paramTrack/install/cpp_parameter_event_handler/share/cpp_parameter_event_handler/environment/ament_prefix_path.sh
[0.273s] -- Up-to-date: /home/aravind/dev/paramTrack/install/cpp_parameter_event_handler/share/cpp_parameter_event_handler/environment/ament_prefix_path.dsv
[0.274s] -- Up-to-date: /home/aravind/dev/paramTrack/install/cpp_parameter_event_handler/share/cpp_parameter_event_handler/environment/path.sh
[0.275s] -- Up-to-date: /home/aravind/dev/paramTrack/install/cpp_parameter_event_handler/share/cpp_parameter_event_handler/environment/path.dsv
[0.276s] -- Up-to-date: /home/aravind/dev/paramTrack/install/cpp_parameter_event_handler/share/cpp_parameter_event_handler/local_setup.bash
[0.277s] -- Up-to-date: /home/aravind/dev/paramTrack/install/cpp_parameter_event_handler/share/cpp_parameter_event_handler/local_setup.sh
[0.278s] -- Up-to-date: /home/aravind/dev/paramTrack/install/cpp_parameter_event_handler/share/cpp_parameter_event_handler/local_setup.zsh
[0.279s] -- Up-to-date: /home/aravind/dev/paramTrack/install/cpp_parameter_event_handler/share/cpp_parameter_event_handler/local_setup.dsv
[0.281s] -- Installing: /home/aravind/dev/paramTrack/install/cpp_parameter_event_handler/share/cpp_parameter_event_handler/package.dsv
[0.282s] -- Up-to-date: /home/aravind/dev/paramTrack/install/cpp_parameter_event_handler/share/ament_index/resource_index/packages/cpp_parameter_event_handler
[0.282s] -- Up-to-date: /home/aravind/dev/paramTrack/install/cpp_parameter_event_handler/share/cpp_parameter_event_handler/cmake/cpp_parameter_event_handlerConfig.cmake
[0.283s] -- Up-to-date: /home/aravind/dev/paramTrack/install/cpp_parameter_event_handler/share/cpp_parameter_event_handler/cmake/cpp_parameter_event_handlerConfig-version.cmake
[0.284s] -- Up-to-date: /home/aravind/dev/paramTrack/install/cpp_parameter_event_handler/share/cpp_parameter_event_handler/package.xml
[0.284s] Invoked command in '/home/aravind/dev/paramTrack/build/cpp_parameter_event_handler' returned '0': CMAKE_PREFIX_PATH=${CMAKE_PREFIX_PATH}:/opt/ros/galactic CONDA_PROMPT_MODIFIER=(base) /usr/bin/cmake --install /home/aravind/dev/paramTrack/build/cpp_parameter_event_handler
