[0.207s] DEBUG:colcon:Command line arguments: ['/usr/bin/colcon', 'build']
[0.207s] DEBUG:colcon:Parsed command line arguments: Namespace(allow_overriding=[], ament_cmake_args=None, base_paths=['.'], build_base='build', catkin_cmake_args=None, catkin_skip_building_tests=False, cmake_args=None, cmake_clean_cache=False, cmake_clean_first=False, cmake_force_configure=False, cmake_target=None, cmake_target_skip_unavailable=False, continue_on_error=False, event_handlers=None, executor='parallel', ignore_user_meta=False, install_base='install', log_base=None, log_level=None, main=<bound method BuildVerb.main of <colcon_core.verb.build.BuildVerb object at 0x7fc0d79aa550>>, merge_install=False, metas=['./colcon.meta'], packages_above=None, packages_above_and_dependencies=None, packages_above_depth=None, packages_end=None, packages_ignore=None, packages_ignore_regex=None, packages_select=None, packages_select_build_failed=False, packages_select_by_dep=None, packages_select_regex=None, packages_select_test_failures=False, packages_skip=None, packages_skip_build_finished=False, packages_skip_by_dep=None, packages_skip_regex=None, packages_skip_test_passed=False, packages_skip_up_to=None, packages_start=None, packages_up_to=None, packages_up_to_regex=None, parallel_workers=12, paths=None, symlink_install=False, test_result_base=None, verb_extension=<colcon_core.verb.build.BuildVerb object at 0x7fc0d79aa550>, verb_name='build', verb_parser=<colcon_defaults.argument_parser.defaults.DefaultArgumentsDecorator object at 0x7fc0d79aaa90>)
[0.214s] Level 1:colcon.colcon_core.package_discovery:discover_packages(colcon_meta) check parameters
[0.214s] Level 1:colcon.colcon_core.package_discovery:discover_packages(recursive) check parameters
[0.214s] Level 1:colcon.colcon_core.package_discovery:discover_packages(ignore) check parameters
[0.214s] Level 1:colcon.colcon_core.package_discovery:discover_packages(path) check parameters
[0.214s] Level 1:colcon.colcon_core.package_discovery:discover_packages(colcon_meta) discover
[0.214s] Level 1:colcon.colcon_core.package_discovery:discover_packages(recursive) discover
[0.214s] INFO:colcon.colcon_core.package_discovery:Crawling recursively for packages in '/home/aravind/dev/paramTrack'
[0.214s] Level 1:colcon.colcon_core.package_identification:_identify(.) by extensions ['ignore', 'ignore_ament_install']
[0.215s] Level 1:colcon.colcon_core.package_identification:_identify(.) by extension 'ignore'
[0.215s] Level 1:colcon.colcon_core.package_identification:_identify(.) by extension 'ignore_ament_install'
[0.215s] Level 1:colcon.colcon_core.package_identification:_identify(.) by extensions ['colcon_pkg']
[0.215s] Level 1:colcon.colcon_core.package_identification:_identify(.) by extension 'colcon_pkg'
[0.215s] Level 1:colcon.colcon_core.package_identification:_identify(.) by extensions ['colcon_meta']
[0.215s] Level 1:colcon.colcon_core.package_identification:_identify(.) by extension 'colcon_meta'
[0.215s] Level 1:colcon.colcon_core.package_identification:_identify(.) by extensions ['ros']
[0.215s] Level 1:colcon.colcon_core.package_identification:_identify(.) by extension 'ros'
[0.233s] Level 1:colcon.colcon_core.package_identification:_identify(.) by extensions ['cmake', 'python']
[0.234s] Level 1:colcon.colcon_core.package_identification:_identify(.) by extension 'cmake'
[0.234s] Level 1:colcon.colcon_core.package_identification:_identify(.) by extension 'python'
[0.234s] Level 1:colcon.colcon_core.package_identification:_identify(.) by extensions ['python_setup_py']
[0.234s] Level 1:colcon.colcon_core.package_identification:_identify(.) by extension 'python_setup_py'
[0.234s] Level 1:colcon.colcon_core.package_identification:_identify(build) by extensions ['ignore', 'ignore_ament_install']
[0.234s] Level 1:colcon.colcon_core.package_identification:_identify(build) by extension 'ignore'
[0.235s] Level 1:colcon.colcon_core.package_identification:_identify(build) ignored
[0.235s] Level 1:colcon.colcon_core.package_identification:_identify(install) by extensions ['ignore', 'ignore_ament_install']
[0.235s] Level 1:colcon.colcon_core.package_identification:_identify(install) by extension 'ignore'
[0.235s] Level 1:colcon.colcon_core.package_identification:_identify(install) ignored
[0.235s] Level 1:colcon.colcon_core.package_identification:_identify(log) by extensions ['ignore', 'ignore_ament_install']
[0.235s] Level 1:colcon.colcon_core.package_identification:_identify(log) by extension 'ignore'
[0.235s] Level 1:colcon.colcon_core.package_identification:_identify(log) ignored
[0.235s] Level 1:colcon.colcon_core.package_identification:_identify(src) by extensions ['ignore', 'ignore_ament_install']
[0.235s] Level 1:colcon.colcon_core.package_identification:_identify(src) by extension 'ignore'
[0.235s] Level 1:colcon.colcon_core.package_identification:_identify(src) by extension 'ignore_ament_install'
[0.236s] Level 1:colcon.colcon_core.package_identification:_identify(src) by extensions ['colcon_pkg']
[0.236s] Level 1:colcon.colcon_core.package_identification:_identify(src) by extension 'colcon_pkg'
[0.236s] Level 1:colcon.colcon_core.package_identification:_identify(src) by extensions ['colcon_meta']
[0.236s] Level 1:colcon.colcon_core.package_identification:_identify(src) by extension 'colcon_meta'
[0.236s] Level 1:colcon.colcon_core.package_identification:_identify(src) by extensions ['ros']
[0.236s] Level 1:colcon.colcon_core.package_identification:_identify(src) by extension 'ros'
[0.236s] Level 1:colcon.colcon_core.package_identification:_identify(src) by extensions ['cmake', 'python']
[0.236s] Level 1:colcon.colcon_core.package_identification:_identify(src) by extension 'cmake'
[0.236s] Level 1:colcon.colcon_core.package_identification:_identify(src) by extension 'python'
[0.236s] Level 1:colcon.colcon_core.package_identification:_identify(src) by extensions ['python_setup_py']
[0.236s] Level 1:colcon.colcon_core.package_identification:_identify(src) by extension 'python_setup_py'
[0.236s] Level 1:colcon.colcon_core.package_identification:_identify(src/cpp_parameter_event_handler) by extensions ['ignore', 'ignore_ament_install']
[0.236s] Level 1:colcon.colcon_core.package_identification:_identify(src/cpp_parameter_event_handler) by extension 'ignore'
[0.236s] Level 1:colcon.colcon_core.package_identification:_identify(src/cpp_parameter_event_handler) by extension 'ignore_ament_install'
[0.236s] Level 1:colcon.colcon_core.package_identification:_identify(src/cpp_parameter_event_handler) by extensions ['colcon_pkg']
[0.236s] Level 1:colcon.colcon_core.package_identification:_identify(src/cpp_parameter_event_handler) by extension 'colcon_pkg'
[0.237s] Level 1:colcon.colcon_core.package_identification:_identify(src/cpp_parameter_event_handler) by extensions ['colcon_meta']
[0.237s] Level 1:colcon.colcon_core.package_identification:_identify(src/cpp_parameter_event_handler) by extension 'colcon_meta'
[0.237s] Level 1:colcon.colcon_core.package_identification:_identify(src/cpp_parameter_event_handler) by extensions ['ros']
[0.237s] Level 1:colcon.colcon_core.package_identification:_identify(src/cpp_parameter_event_handler) by extension 'ros'
[0.240s] DEBUG:colcon.colcon_core.package_identification:Package 'src/cpp_parameter_event_handler' with type 'ros.ament_cmake' and name 'cpp_parameter_event_handler'
[0.240s] Level 1:colcon.colcon_core.package_identification:_identify(workspace) by extensions ['ignore', 'ignore_ament_install']
[0.240s] Level 1:colcon.colcon_core.package_identification:_identify(workspace) by extension 'ignore'
[0.241s] Level 1:colcon.colcon_core.package_identification:_identify(workspace) by extension 'ignore_ament_install'
[0.241s] Level 1:colcon.colcon_core.package_identification:_identify(workspace) by extensions ['colcon_pkg']
[0.241s] Level 1:colcon.colcon_core.package_identification:_identify(workspace) by extension 'colcon_pkg'
[0.241s] Level 1:colcon.colcon_core.package_identification:_identify(workspace) by extensions ['colcon_meta']
[0.241s] Level 1:colcon.colcon_core.package_identification:_identify(workspace) by extension 'colcon_meta'
[0.241s] Level 1:colcon.colcon_core.package_identification:_identify(workspace) by extensions ['ros']
[0.241s] Level 1:colcon.colcon_core.package_identification:_identify(workspace) by extension 'ros'
[0.241s] Level 1:colcon.colcon_core.package_identification:_identify(workspace) by extensions ['cmake', 'python']
[0.241s] Level 1:colcon.colcon_core.package_identification:_identify(workspace) by extension 'cmake'
[0.241s] Level 1:colcon.colcon_core.package_identification:_identify(workspace) by extension 'python'
[0.241s] Level 1:colcon.colcon_core.package_identification:_identify(workspace) by extensions ['python_setup_py']
[0.241s] Level 1:colcon.colcon_core.package_identification:_identify(workspace) by extension 'python_setup_py'
[0.241s] Level 1:colcon.colcon_core.package_discovery:discover_packages(recursive) using defaults
[0.241s] Level 1:colcon.colcon_core.package_discovery:discover_packages(ignore) discover
[0.241s] Level 1:colcon.colcon_core.package_discovery:discover_packages(ignore) using defaults
[0.241s] Level 1:colcon.colcon_core.package_discovery:discover_packages(path) discover
[0.241s] Level 1:colcon.colcon_core.package_discovery:discover_packages(path) using defaults
[0.268s] Level 5:colcon.colcon_core.verb:set package 'cpp_parameter_event_handler' build argument 'cmake_args' from command line to 'None'
[0.268s] Level 5:colcon.colcon_core.verb:set package 'cpp_parameter_event_handler' build argument 'cmake_target' from command line to 'None'
[0.268s] Level 5:colcon.colcon_core.verb:set package 'cpp_parameter_event_handler' build argument 'cmake_target_skip_unavailable' from command line to 'False'
[0.268s] Level 5:colcon.colcon_core.verb:set package 'cpp_parameter_event_handler' build argument 'cmake_clean_cache' from command line to 'False'
[0.268s] Level 5:colcon.colcon_core.verb:set package 'cpp_parameter_event_handler' build argument 'cmake_clean_first' from command line to 'False'
[0.268s] Level 5:colcon.colcon_core.verb:set package 'cpp_parameter_event_handler' build argument 'cmake_force_configure' from command line to 'False'
[0.269s] Level 5:colcon.colcon_core.verb:set package 'cpp_parameter_event_handler' build argument 'ament_cmake_args' from command line to 'None'
[0.269s] Level 5:colcon.colcon_core.verb:set package 'cpp_parameter_event_handler' build argument 'catkin_cmake_args' from command line to 'None'
[0.269s] Level 5:colcon.colcon_core.verb:set package 'cpp_parameter_event_handler' build argument 'catkin_skip_building_tests' from command line to 'False'
[0.269s] DEBUG:colcon.colcon_core.verb:Building package 'cpp_parameter_event_handler' with the following arguments: {'ament_cmake_args': None, 'build_base': '/home/aravind/dev/paramTrack/build/cpp_parameter_event_handler', 'catkin_cmake_args': None, 'catkin_skip_building_tests': False, 'cmake_args': None, 'cmake_clean_cache': False, 'cmake_clean_first': False, 'cmake_force_configure': False, 'cmake_target': None, 'cmake_target_skip_unavailable': False, 'install_base': '/home/aravind/dev/paramTrack/install/cpp_parameter_event_handler', 'merge_install': False, 'path': '/home/aravind/dev/paramTrack/src/cpp_parameter_event_handler', 'symlink_install': False, 'test_result_base': None}
[0.274s] INFO:colcon.colcon_core.executor:Executing jobs using 'parallel' executor
[0.277s] DEBUG:colcon.colcon_parallel_executor.executor.parallel:run_until_complete
[0.277s] INFO:colcon.colcon_ros.task.ament_cmake.build:Building ROS package in '/home/aravind/dev/paramTrack/src/cpp_parameter_event_handler' with build type 'ament_cmake'
[0.278s] INFO:colcon.colcon_cmake.task.cmake.build:Building CMake package in '/home/aravind/dev/paramTrack/src/cpp_parameter_event_handler'
[0.287s] INFO:colcon.colcon_core.plugin_system:Skipping extension 'colcon_core.shell.bat': Not used on non-Windows systems
[0.288s] INFO:colcon.colcon_core.shell:Skip shell extension 'powershell' for command environment: Not usable outside of PowerShell
[0.288s] DEBUG:colcon.colcon_core.shell:Skip shell extension 'dsv' for command environment
[0.326s] DEBUG:colcon.colcon_core.event_handler.log_command:Invoking command in '/home/aravind/dev/paramTrack/build/cpp_parameter_event_handler': CMAKE_PREFIX_PATH=/opt/ros/galactic CONDA_PROMPT_MODIFIER=(base) /usr/bin/cmake --build /home/aravind/dev/paramTrack/build/cpp_parameter_event_handler -- -j12 -l12
[5.923s] DEBUG:colcon.colcon_core.event_handler.log_command:Invoked command in '/home/aravind/dev/paramTrack/build/cpp_parameter_event_handler' returned '2': CMAKE_PREFIX_PATH=/opt/ros/galactic CONDA_PROMPT_MODIFIER=(base) /usr/bin/cmake --build /home/aravind/dev/paramTrack/build/cpp_parameter_event_handler -- -j12 -l12
[5.958s] Level 1:colcon.colcon_core.environment:create_environment_scripts_only(cpp_parameter_event_handler)
[5.964s] Level 1:colcon.colcon_core.environment:checking '/home/aravind/dev/paramTrack/install/cpp_parameter_event_handler' for CMake module files
[5.965s] Level 1:colcon.colcon_core.environment:checking '/home/aravind/dev/paramTrack/install/cpp_parameter_event_handler' for CMake config files
[5.965s] Level 1:colcon.colcon_core.shell:create_environment_hook('cpp_parameter_event_handler', 'cmake_prefix_path')
[5.966s] INFO:colcon.colcon_core.shell:Creating environment hook '/home/aravind/dev/paramTrack/install/cpp_parameter_event_handler/share/cpp_parameter_event_handler/hook/cmake_prefix_path.ps1'
[5.967s] INFO:colcon.colcon_core.shell:Creating environment descriptor '/home/aravind/dev/paramTrack/install/cpp_parameter_event_handler/share/cpp_parameter_event_handler/hook/cmake_prefix_path.dsv'
[5.968s] INFO:colcon.colcon_core.shell:Creating environment hook '/home/aravind/dev/paramTrack/install/cpp_parameter_event_handler/share/cpp_parameter_event_handler/hook/cmake_prefix_path.sh'
[5.970s] Level 1:colcon.colcon_core.environment:checking '/home/aravind/dev/paramTrack/install/cpp_parameter_event_handler/lib'
[5.970s] Level 1:colcon.colcon_core.environment:checking '/home/aravind/dev/paramTrack/install/cpp_parameter_event_handler/bin'
[5.970s] Level 1:colcon.colcon_core.environment:checking '/home/aravind/dev/paramTrack/install/cpp_parameter_event_handler/lib/pkgconfig/cpp_parameter_event_handler.pc'
[5.971s] Level 1:colcon.colcon_core.environment:checking '/home/aravind/dev/paramTrack/install/cpp_parameter_event_handler/lib/python3.8/site-packages'
[5.971s] INFO:colcon.colcon_core.shell:Creating package script '/home/aravind/dev/paramTrack/install/cpp_parameter_event_handler/share/cpp_parameter_event_handler/package.ps1'
[5.973s] INFO:colcon.colcon_core.shell:Creating package descriptor '/home/aravind/dev/paramTrack/install/cpp_parameter_event_handler/share/cpp_parameter_event_handler/package.dsv'
[5.974s] INFO:colcon.colcon_core.shell:Creating package script '/home/aravind/dev/paramTrack/install/cpp_parameter_event_handler/share/cpp_parameter_event_handler/package.sh'
[5.975s] INFO:colcon.colcon_core.shell:Creating package script '/home/aravind/dev/paramTrack/install/cpp_parameter_event_handler/share/cpp_parameter_event_handler/package.bash'
[5.976s] INFO:colcon.colcon_core.shell:Creating package script '/home/aravind/dev/paramTrack/install/cpp_parameter_event_handler/share/cpp_parameter_event_handler/package.zsh'
[5.977s] Level 1:colcon.colcon_core.environment:create_file_with_runtime_dependencies(/home/aravind/dev/paramTrack/install/cpp_parameter_event_handler/share/colcon-core/packages/cpp_parameter_event_handler)
[5.988s] DEBUG:colcon.colcon_parallel_executor.executor.parallel:closing loop
[5.988s] DEBUG:colcon.colcon_parallel_executor.executor.parallel:loop closed
[5.988s] DEBUG:colcon.colcon_parallel_executor.executor.parallel:run_until_complete finished with '2'
[5.988s] DEBUG:colcon.colcon_core.event_reactor:joining thread
[6.000s] INFO:colcon.colcon_core.plugin_system:Skipping extension 'colcon_notification.desktop_notification.notify_send': Could not find 'notify-send'
[6.000s] INFO:colcon.colcon_core.plugin_system:Skipping extension 'colcon_notification.desktop_notification.terminal_notifier': Not used on non-Darwin systems
[6.001s] INFO:colcon.colcon_core.plugin_system:Skipping extension 'colcon_notification.desktop_notification.win32': Not used on non-Windows systems
[6.001s] INFO:colcon.colcon_notification.desktop_notification:Sending desktop notification using 'notify2'
[6.034s] DEBUG:colcon.colcon_core.event_reactor:joined thread
[6.036s] INFO:colcon.colcon_core.shell:Creating prefix script '/home/aravind/dev/paramTrack/install/local_setup.ps1'
[6.038s] INFO:colcon.colcon_core.shell:Creating prefix util module '/home/aravind/dev/paramTrack/install/_local_setup_util_ps1.py'
[6.041s] INFO:colcon.colcon_core.shell:Creating prefix chain script '/home/aravind/dev/paramTrack/install/setup.ps1'
[6.043s] INFO:colcon.colcon_core.shell:Creating prefix script '/home/aravind/dev/paramTrack/install/local_setup.sh'
[6.044s] INFO:colcon.colcon_core.shell:Creating prefix util module '/home/aravind/dev/paramTrack/install/_local_setup_util_sh.py'
[6.045s] INFO:colcon.colcon_core.shell:Creating prefix chain script '/home/aravind/dev/paramTrack/install/setup.sh'
[6.047s] INFO:colcon.colcon_core.shell:Creating prefix script '/home/aravind/dev/paramTrack/install/local_setup.bash'
[6.048s] INFO:colcon.colcon_core.shell:Creating prefix chain script '/home/aravind/dev/paramTrack/install/setup.bash'
[6.050s] INFO:colcon.colcon_core.shell:Creating prefix script '/home/aravind/dev/paramTrack/install/local_setup.zsh'
[6.052s] INFO:colcon.colcon_core.shell:Creating prefix chain script '/home/aravind/dev/paramTrack/install/setup.zsh'
