[0.045s] Invoking command in '/home/aravind/dev/paramTrack/build/cpp_parameter_event_handler': CMAKE_PREFIX_PATH=${CMAKE_PREFIX_PATH}:/opt/ros/galactic CONDA_PROMPT_MODIFIER=(base) /usr/bin/cmake --build /home/aravind/dev/paramTrack/build/cpp_parameter_event_handler -- -j12 -l12
[0.150s] [35m[1mScanning dependencies of target parameter_event_handler[0m
[0.204s] [ 50%] [32mBuilding CXX object CMakeFiles/parameter_event_handler.dir/src/parameter_event_handler.cpp.o[0m
[9.443s] [100%] [32m[1mLinking CXX executable parameter_event_handler[0m
[9.748s] [100%] Built target parameter_event_handler
[9.766s] Invoked command in '/home/aravind/dev/paramTrack/build/cpp_parameter_event_handler' returned '0': CMAKE_PREFIX_PATH=${CMAKE_PREFIX_PATH}:/opt/ros/galactic CONDA_PROMPT_MODIFIER=(base) /usr/bin/cmake --build /home/aravind/dev/paramTrack/build/cpp_parameter_event_handler -- -j12 -l12
[9.821s] Invoking command in '/home/aravind/dev/paramTrack/build/cpp_parameter_event_handler': CMAKE_PREFIX_PATH=${CMAKE_PREFIX_PATH}:/opt/ros/galactic CONDA_PROMPT_MODIFIER=(base) /usr/bin/cmake --install /home/aravind/dev/paramTrack/build/cpp_parameter_event_handler
[9.833s] -- Install configuration: ""
[9.833s] -- Installing: /home/aravind/dev/paramTrack/install/cpp_parameter_event_handler/lib/cpp_parameter_event_handler/parameter_event_handler
[9.835s] -- Set runtime path of "/home/aravind/dev/paramTrack/install/cpp_parameter_event_handler/lib/cpp_parameter_event_handler/parameter_event_handler" to ""
[9.836s] -- Up-to-date: /home/aravind/dev/paramTrack/install/cpp_parameter_event_handler/share/ament_index/resource_index/package_run_dependencies/cpp_parameter_event_handler
[9.836s] -- Up-to-date: /home/aravind/dev/paramTrack/install/cpp_parameter_event_handler/share/ament_index/resource_index/parent_prefix_path/cpp_parameter_event_handler
[9.836s] -- Up-to-date: /home/aravind/dev/paramTrack/install/cpp_parameter_event_handler/share/cpp_parameter_event_handler/environment/ament_prefix_path.sh
[9.836s] -- Up-to-date: /home/aravind/dev/paramTrack/install/cpp_parameter_event_handler/share/cpp_parameter_event_handler/environment/ament_prefix_path.dsv
[9.837s] -- Up-to-date: /home/aravind/dev/paramTrack/install/cpp_parameter_event_handler/share/cpp_parameter_event_handler/environment/path.sh
[9.837s] -- Up-to-date: /home/aravind/dev/paramTrack/install/cpp_parameter_event_handler/share/cpp_parameter_event_handler/environment/path.dsv
[9.837s] -- Up-to-date: /home/aravind/dev/paramTrack/install/cpp_parameter_event_handler/share/cpp_parameter_event_handler/local_setup.bash
[9.837s] -- Up-to-date: /home/aravind/dev/paramTrack/install/cpp_parameter_event_handler/share/cpp_parameter_event_handler/local_setup.sh
[9.837s] -- Up-to-date: /home/aravind/dev/paramTrack/install/cpp_parameter_event_handler/share/cpp_parameter_event_handler/local_setup.zsh
[9.838s] -- Up-to-date: /home/aravind/dev/paramTrack/install/cpp_parameter_event_handler/share/cpp_parameter_event_handler/local_setup.dsv
[9.838s] -- Installing: /home/aravind/dev/paramTrack/install/cpp_parameter_event_handler/share/cpp_parameter_event_handler/package.dsv
[9.838s] -- Up-to-date: /home/aravind/dev/paramTrack/install/cpp_parameter_event_handler/share/ament_index/resource_index/packages/cpp_parameter_event_handler
[9.840s] -- Up-to-date: /home/aravind/dev/paramTrack/install/cpp_parameter_event_handler/share/cpp_parameter_event_handler/cmake/cpp_parameter_event_handlerConfig.cmake
[9.841s] -- Up-to-date: /home/aravind/dev/paramTrack/install/cpp_parameter_event_handler/share/cpp_parameter_event_handler/cmake/cpp_parameter_event_handlerConfig-version.cmake
[9.842s] -- Up-to-date: /home/aravind/dev/paramTrack/install/cpp_parameter_event_handler/share/cpp_parameter_event_handler/package.xml
[9.843s] Invoked command in '/home/aravind/dev/paramTrack/build/cpp_parameter_event_handler' returned '0': CMAKE_PREFIX_PATH=${CMAKE_PREFIX_PATH}:/opt/ros/galactic CONDA_PROMPT_MODIFIER=(base) /usr/bin/cmake --install /home/aravind/dev/paramTrack/build/cpp_parameter_event_handler
